-- Found ament_cmake: 1.3.9 (/opt/ros/humble/share/ament_cmake/cmake)
-- Override CMake install command with custom implementation using symlinks instead of copying resources
-- Found std_msgs: 4.2.4 (/opt/ros/humble/share/std_msgs/cmake)
-- Found rosidl_generator_c: 3.1.5 (/opt/ros/humble/share/rosidl_generator_c/cmake)
-- Found rosidl_adapter: 3.1.5 (/opt/ros/humble/share/rosidl_adapter/cmake)
-- Found rosidl_generator_cpp: 3.1.5 (/opt/ros/humble/share/rosidl_generator_cpp/cmake)
-- Using all available rosidl_typesupport_c: rosidl_typesupport_fastrtps_c;rosidl_typesupport_introspection_c
-- Using all available rosidl_typesupport_cpp: rosidl_typesupport_fastrtps_cpp;rosidl_typesupport_introspection_cpp
-- Found sensor_msgs: 4.2.4 (/opt/ros/humble/share/sensor_msgs/cmake)
-- Found rclcpp: 16.0.9 (/opt/ros/humble/share/rclcpp/cmake)
-- Found rmw_implementation_cmake: 6.1.2 (/opt/ros/humble/share/rmw_implementation_cmake/cmake)
-- Found rmw_fastrtps_cpp: 6.2.6 (/opt/ros/humble/share/rmw_fastrtps_cpp/cmake)
-- Using RMW implementation 'rmw_fastrtps_cpp' as default
-- Found cv_bridge: 3.2.1 (/opt/ros/humble/share/cv_bridge/cmake)
-- Found ament_lint_auto: 0.12.11 (/opt/ros/humble/share/ament_lint_auto/cmake)
-- Added test 'copyright' to check source files copyright and LICENSE
-- Added test 'cppcheck' to perform static code analysis on C / C++ code
-- Configured cppcheck include dirs: 
-- Configured cppcheck exclude dirs and/or files: 
-- Added test 'cpplint' to check C / C++ code against the Google style
-- Configured cpplint exclude dirs and/or files: 
-- Added test 'flake8' to check Python code syntax and style conventions
-- Added test 'lint_cmake' to check CMake code style
-- Added test 'pep257' to check Python code against some of the docstring style conventions in PEP 257
-- Added test 'uncrustify' to check C / C++ code style
-- Configured uncrustify additional arguments: 
-- Added test 'xmllint' to check XML markup files
-- Configuring done
-- Generating done
-- Build files have been written to: /home/glack/Documents/project/Tjb/build/tof
[35m[1mConsolidate compiler generated dependencies of target publisher[0m
[ 20%] [32mBuilding CXX object CMakeFiles/publisher.dir/src/frame_handle.cc.o[0m
In file included from [01m[K/home/glack/Documents/project/Tjb/src/tof/src/frame_handle.cc:8[m[K:
[01m[K/home/glack/Documents/project/Tjb/src/tof/src/frame_struct.h:36:11:[m[K [01;35m[Kwarning: [m[KISO C++ forbids flexible array member â€˜[01m[Kpayload[m[Kâ€™ [[01;35m[K]8;;https://gcc.gnu.org/onlinedocs/gcc/Warning-Options.html#index-Wpedantic-Wpedantic]8;;[m[K]
   36 |   uint8_t [01;35m[Kpayload[m[K[];
      |           [01;35m[K^~~~~~~[m[K
[01m[K/home/glack/Documents/project/Tjb/src/tof/src/frame_handle.cc:[m[K In function â€˜[01m[Kframe_t* handle_process(std::string)[m[Kâ€™:
[01m[K/home/glack/Documents/project/Tjb/src/tof/src/frame_handle.cc:97:1:[m[K [01;31m[Kerror: [m[Kjump to label â€˜[01m[K__finished[m[Kâ€™
   97 | [01;31m[K__finished[m[K:
      | [01;31m[K^~~~~~~~~~[m[K
[01m[K/home/glack/Documents/project/Tjb/src/tof/src/frame_handle.cc:53:10:[m[K [01;36m[Knote: [m[K  from here
   53 |     goto [01;36m[K__finished[m[K;
      |          [01;36m[K^~~~~~~~~~[m[K
[01m[K/home/glack/Documents/project/Tjb/src/tof/src/frame_handle.cc:64:8:[m[K [01;36m[Knote: [m[K  crosses initialization of â€˜[01m[Kunsigned int required_size[m[Kâ€™
   64 |   auto [01;36m[Krequired_size[m[K = FRAME_HEAD_SIZE + frame_payload_len + FRAME_CHECKSUM_SIZE + FRAME_END_SIZE + 1;
      |        [01;36m[K^~~~~~~~~~~~~[m[K
[01m[K/home/glack/Documents/project/Tjb/src/tof/src/frame_handle.cc:97:1:[m[K [01;31m[Kerror: [m[Kjump to label â€˜[01m[K__finished[m[Kâ€™
   97 | [01;31m[K__finished[m[K:
      | [01;31m[K^~~~~~~~~~[m[K
[01m[K/home/glack/Documents/project/Tjb/src/tof/src/frame_handle.cc:39:12:[m[K [01;36m[Knote: [m[K  from here
   39 |       goto [01;36m[K__finished[m[K;
      |            [01;36m[K^~~~~~~~~~[m[K
[01m[K/home/glack/Documents/project/Tjb/src/tof/src/frame_handle.cc:64:8:[m[K [01;36m[Knote: [m[K  crosses initialization of â€˜[01m[Kunsigned int required_size[m[Kâ€™
   64 |   auto [01;36m[Krequired_size[m[K = FRAME_HEAD_SIZE + frame_payload_len + FRAME_CHECKSUM_SIZE + FRAME_END_SIZE + 1;
      |        [01;36m[K^~~~~~~~~~~~~[m[K
[01m[K/home/glack/Documents/project/Tjb/src/tof/src/frame_handle.cc:97:1:[m[K [01;31m[Kerror: [m[Kjump to label â€˜[01m[K__finished[m[Kâ€™
   97 | [01;31m[K__finished[m[K:
      | [01;31m[K^~~~~~~~~~[m[K
[01m[K/home/glack/Documents/project/Tjb/src/tof/src/frame_handle.cc:25:10:[m[K [01;36m[Knote: [m[K  from here
   25 |     goto [01;36m[K__finished[m[K;
      |          [01;36m[K^~~~~~~~~~[m[K
[01m[K/home/glack/Documents/project/Tjb/src/tof/src/frame_handle.cc:64:8:[m[K [01;36m[Knote: [m[K  crosses initialization of â€˜[01m[Kunsigned int required_size[m[Kâ€™
   64 |   auto [01;36m[Krequired_size[m[K = FRAME_HEAD_SIZE + frame_payload_len + FRAME_CHECKSUM_SIZE + FRAME_END_SIZE + 1;
      |        [01;36m[K^~~~~~~~~~~~~[m[K
gmake[2]: *** [CMakeFiles/publisher.dir/build.make:118ï¼šCMakeFiles/publisher.dir/src/frame_handle.cc.o] é”™è¯¯ 1
gmake[1]: *** [CMakeFiles/Makefile2:137ï¼šCMakeFiles/publisher.dir/all] é”™è¯¯ 2
gmake: *** [Makefile:146ï¼šall] é”™è¯¯ 2
