[0.005s] Invoking command in '/home/glack/Documents/project/Tjb/build/tof': CMAKE_PREFIX_PATH=${CMAKE_PREFIX_PATH}:/home/glack/Documents/project/Tjb/install/rgbc:/home/glack/Documents/project/Tjb/install/pyqtui:/home/glack/Documents/project/Tjb/install/position:/opt/ros/humble CONDA_PROMPT_MODIFIER=(isaac) /usr/bin/cmake /home/glack/Documents/project/Tjb/src/tof -DCMAKE_INSTALL_PREFIX=/home/glack/Documents/project/Tjb/install/tof
[0.012s] -- Found ament_cmake: 1.3.9 (/opt/ros/humble/share/ament_cmake/cmake)
[0.070s] -- Override CMake install command with custom implementation using symlinks instead of copying resources
[0.073s] -- Found std_msgs: 4.2.4 (/opt/ros/humble/share/std_msgs/cmake)
[0.085s] -- Found rosidl_generator_c: 3.1.5 (/opt/ros/humble/share/rosidl_generator_c/cmake)
[0.086s] -- Found rosidl_adapter: 3.1.5 (/opt/ros/humble/share/rosidl_adapter/cmake)
[0.089s] -- Found rosidl_generator_cpp: 3.1.5 (/opt/ros/humble/share/rosidl_generator_cpp/cmake)
[0.094s] -- Using all available rosidl_typesupport_c: rosidl_typesupport_fastrtps_c;rosidl_typesupport_introspection_c
[0.102s] -- Using all available rosidl_typesupport_cpp: rosidl_typesupport_fastrtps_cpp;rosidl_typesupport_introspection_cpp
[0.128s] -- Found sensor_msgs: 4.2.4 (/opt/ros/humble/share/sensor_msgs/cmake)
[0.190s] -- Found rclcpp: 16.0.9 (/opt/ros/humble/share/rclcpp/cmake)
[0.213s] -- Found rmw_implementation_cmake: 6.1.2 (/opt/ros/humble/share/rmw_implementation_cmake/cmake)
[0.214s] -- Found rmw_fastrtps_cpp: 6.2.6 (/opt/ros/humble/share/rmw_fastrtps_cpp/cmake)
[0.290s] -- Using RMW implementation 'rmw_fastrtps_cpp' as default
[0.360s] -- Found cv_bridge: 3.2.1 (/opt/ros/humble/share/cv_bridge/cmake)
[0.366s] -- Found ament_lint_auto: 0.12.11 (/opt/ros/humble/share/ament_lint_auto/cmake)
[0.409s] -- Added test 'copyright' to check source files copyright and LICENSE
[0.410s] -- Added test 'cppcheck' to perform static code analysis on C / C++ code
[0.410s] -- Configured cppcheck include dirs: 
[0.410s] -- Configured cppcheck exclude dirs and/or files: 
[0.410s] -- Added test 'cpplint' to check C / C++ code against the Google style
[0.410s] -- Configured cpplint exclude dirs and/or files: 
[0.410s] -- Added test 'flake8' to check Python code syntax and style conventions
[0.410s] -- Added test 'lint_cmake' to check CMake code style
[0.410s] -- Added test 'pep257' to check Python code against some of the docstring style conventions in PEP 257
[0.411s] -- Added test 'uncrustify' to check C / C++ code style
[0.411s] -- Configured uncrustify additional arguments: 
[0.411s] -- Added test 'xmllint' to check XML markup files
[0.411s] -- Configuring done
[0.418s] -- Generating done
[0.418s] -- Build files have been written to: /home/glack/Documents/project/Tjb/build/tof
[0.422s] Invoked command in '/home/glack/Documents/project/Tjb/build/tof' returned '0': CMAKE_PREFIX_PATH=${CMAKE_PREFIX_PATH}:/home/glack/Documents/project/Tjb/install/rgbc:/home/glack/Documents/project/Tjb/install/pyqtui:/home/glack/Documents/project/Tjb/install/position:/opt/ros/humble CONDA_PROMPT_MODIFIER=(isaac) /usr/bin/cmake /home/glack/Documents/project/Tjb/src/tof -DCMAKE_INSTALL_PREFIX=/home/glack/Documents/project/Tjb/install/tof
[0.423s] Invoking command in '/home/glack/Documents/project/Tjb/build/tof': CMAKE_PREFIX_PATH=${CMAKE_PREFIX_PATH}:/home/glack/Documents/project/Tjb/install/rgbc:/home/glack/Documents/project/Tjb/install/pyqtui:/home/glack/Documents/project/Tjb/install/position:/opt/ros/humble CONDA_PROMPT_MODIFIER=(isaac) /usr/bin/cmake --build /home/glack/Documents/project/Tjb/build/tof -- -j20 -l20
[0.450s] [35m[1mConsolidate compiler generated dependencies of target publisher[0m
[0.464s] [ 20%] [32mBuilding CXX object CMakeFiles/publisher.dir/src/frame_handle.cc.o[0m
[0.630s] In file included from [01m[K/home/glack/Documents/project/Tjb/src/tof/src/frame_handle.cc:8[m[K:
[0.630s] [01m[K/home/glack/Documents/project/Tjb/src/tof/src/frame_struct.h:36:11:[m[K [01;35m[Kwarning: [m[KISO C++ forbids flexible array member â€˜[01m[Kpayload[m[Kâ€™ [[01;35m[K]8;;https://gcc.gnu.org/onlinedocs/gcc/Warning-Options.html#index-Wpedantic-Wpedantic]8;;[m[K]
[0.630s]    36 |   uint8_t [01;35m[Kpayload[m[K[];
[0.631s]       |           [01;35m[K^~~~~~~[m[K
[0.633s] [01m[K/home/glack/Documents/project/Tjb/src/tof/src/frame_handle.cc:[m[K In function â€˜[01m[Kframe_t* handle_process(std::string)[m[Kâ€™:
[0.634s] [01m[K/home/glack/Documents/project/Tjb/src/tof/src/frame_handle.cc:97:1:[m[K [01;31m[Kerror: [m[Kjump to label â€˜[01m[K__finished[m[Kâ€™
[0.634s]    97 | [01;31m[K__finished[m[K:
[0.634s]       | [01;31m[K^~~~~~~~~~[m[K
[0.634s] [01m[K/home/glack/Documents/project/Tjb/src/tof/src/frame_handle.cc:53:10:[m[K [01;36m[Knote: [m[K  from here
[0.634s]    53 |     goto [01;36m[K__finished[m[K;
[0.634s]       |          [01;36m[K^~~~~~~~~~[m[K
[0.634s] [01m[K/home/glack/Documents/project/Tjb/src/tof/src/frame_handle.cc:64:8:[m[K [01;36m[Knote: [m[K  crosses initialization of â€˜[01m[Kunsigned int required_size[m[Kâ€™
[0.634s]    64 |   auto [01;36m[Krequired_size[m[K = FRAME_HEAD_SIZE + frame_payload_len + FRAME_CHECKSUM_SIZE + FRAME_END_SIZE + 1;
[0.634s]       |        [01;36m[K^~~~~~~~~~~~~[m[K
[0.634s] [01m[K/home/glack/Documents/project/Tjb/src/tof/src/frame_handle.cc:97:1:[m[K [01;31m[Kerror: [m[Kjump to label â€˜[01m[K__finished[m[Kâ€™
[0.634s]    97 | [01;31m[K__finished[m[K:
[0.634s]       | [01;31m[K^~~~~~~~~~[m[K
[0.634s] [01m[K/home/glack/Documents/project/Tjb/src/tof/src/frame_handle.cc:39:12:[m[K [01;36m[Knote: [m[K  from here
[0.634s]    39 |       goto [01;36m[K__finished[m[K;
[0.634s]       |            [01;36m[K^~~~~~~~~~[m[K
[0.634s] [01m[K/home/glack/Documents/project/Tjb/src/tof/src/frame_handle.cc:64:8:[m[K [01;36m[Knote: [m[K  crosses initialization of â€˜[01m[Kunsigned int required_size[m[Kâ€™
[0.634s]    64 |   auto [01;36m[Krequired_size[m[K = FRAME_HEAD_SIZE + frame_payload_len + FRAME_CHECKSUM_SIZE + FRAME_END_SIZE + 1;
[0.635s]       |        [01;36m[K^~~~~~~~~~~~~[m[K
[0.635s] [01m[K/home/glack/Documents/project/Tjb/src/tof/src/frame_handle.cc:97:1:[m[K [01;31m[Kerror: [m[Kjump to label â€˜[01m[K__finished[m[Kâ€™
[0.635s]    97 | [01;31m[K__finished[m[K:
[0.635s]       | [01;31m[K^~~~~~~~~~[m[K
[0.635s] [01m[K/home/glack/Documents/project/Tjb/src/tof/src/frame_handle.cc:25:10:[m[K [01;36m[Knote: [m[K  from here
[0.635s]    25 |     goto [01;36m[K__finished[m[K;
[0.635s]       |          [01;36m[K^~~~~~~~~~[m[K
[0.635s] [01m[K/home/glack/Documents/project/Tjb/src/tof/src/frame_handle.cc:64:8:[m[K [01;36m[Knote: [m[K  crosses initialization of â€˜[01m[Kunsigned int required_size[m[Kâ€™
[0.635s]    64 |   auto [01;36m[Krequired_size[m[K = FRAME_HEAD_SIZE + frame_payload_len + FRAME_CHECKSUM_SIZE + FRAME_END_SIZE + 1;
[0.635s]       |        [01;36m[K^~~~~~~~~~~~~[m[K
[0.655s] gmake[2]: *** [CMakeFiles/publisher.dir/build.make:118ï¼šCMakeFiles/publisher.dir/src/frame_handle.cc.o] é”™è¯¯ 1
[0.655s] gmake[1]: *** [CMakeFiles/Makefile2:137ï¼šCMakeFiles/publisher.dir/all] é”™è¯¯ 2
[0.655s] gmake: *** [Makefile:146ï¼šall] é”™è¯¯ 2
[0.656s] Invoked command in '/home/glack/Documents/project/Tjb/build/tof' returned '2': CMAKE_PREFIX_PATH=${CMAKE_PREFIX_PATH}:/home/glack/Documents/project/Tjb/install/rgbc:/home/glack/Documents/project/Tjb/install/pyqtui:/home/glack/Documents/project/Tjb/install/position:/opt/ros/humble CONDA_PROMPT_MODIFIER=(isaac) /usr/bin/cmake --build /home/glack/Documents/project/Tjb/build/tof -- -j20 -l20
