[0.006s] Invoking command in '/home/glack/Documents/project/Tjb/build/tof': CMAKE_PREFIX_PATH=${CMAKE_PREFIX_PATH}:/home/glack/Documents/project/Tjb/install/rgbc:/home/glack/Documents/project/Tjb/install/pyqtui:/home/glack/Documents/project/Tjb/install/position:/opt/ros/humble CONDA_PROMPT_MODIFIER=(isaac) /usr/bin/cmake --build /home/glack/Documents/project/Tjb/build/tof -- -j20 -l20
[0.033s] [35m[1mConsolidate compiler generated dependencies of target publisher[0m
[0.045s] [ 20%] [32mBuilding CXX object CMakeFiles/publisher.dir/src/frame_handle.cc.o[0m
[0.212s] In file included from [01m[K/home/glack/Documents/project/Tjb/src/tof/src/frame_handle.cc:8[m[K:
[0.212s] [01m[K/home/glack/Documents/project/Tjb/src/tof/src/frame_struct.h:36:11:[m[K [01;35m[Kwarning: [m[KISO C++ forbids flexible array member â€˜[01m[Kpayload[m[Kâ€™ [[01;35m[K]8;;https://gcc.gnu.org/onlinedocs/gcc/Warning-Options.html#index-Wpedantic-Wpedantic]8;;[m[K]
[0.212s]    36 |   uint8_t [01;35m[Kpayload[m[K[];
[0.212s]       |           [01;35m[K^~~~~~~[m[K
[0.215s] [01m[K/home/glack/Documents/project/Tjb/src/tof/src/frame_handle.cc:[m[K In function â€˜[01m[Kframe_t* handle_process(std::string)[m[Kâ€™:
[0.215s] [01m[K/home/glack/Documents/project/Tjb/src/tof/src/frame_handle.cc:97:1:[m[K [01;31m[Kerror: [m[Kjump to label â€˜[01m[K__finished[m[Kâ€™
[0.215s]    97 | [01;31m[K__finished[m[K:
[0.215s]       | [01;31m[K^~~~~~~~~~[m[K
[0.215s] [01m[K/home/glack/Documents/project/Tjb/src/tof/src/frame_handle.cc:53:10:[m[K [01;36m[Knote: [m[K  from here
[0.216s]    53 |     goto [01;36m[K__finished[m[K;
[0.216s]       |          [01;36m[K^~~~~~~~~~[m[K
[0.216s] [01m[K/home/glack/Documents/project/Tjb/src/tof/src/frame_handle.cc:64:8:[m[K [01;36m[Knote: [m[K  crosses initialization of â€˜[01m[Kunsigned int required_size[m[Kâ€™
[0.216s]    64 |   auto [01;36m[Krequired_size[m[K = FRAME_HEAD_SIZE + frame_payload_len + FRAME_CHECKSUM_SIZE + FRAME_END_SIZE + 1;
[0.216s]       |        [01;36m[K^~~~~~~~~~~~~[m[K
[0.216s] [01m[K/home/glack/Documents/project/Tjb/src/tof/src/frame_handle.cc:97:1:[m[K [01;31m[Kerror: [m[Kjump to label â€˜[01m[K__finished[m[Kâ€™
[0.216s]    97 | [01;31m[K__finished[m[K:
[0.216s]       | [01;31m[K^~~~~~~~~~[m[K
[0.216s] [01m[K/home/glack/Documents/project/Tjb/src/tof/src/frame_handle.cc:39:12:[m[K [01;36m[Knote: [m[K  from here
[0.216s]    39 |       goto [01;36m[K__finished[m[K;
[0.216s]       |            [01;36m[K^~~~~~~~~~[m[K
[0.216s] [01m[K/home/glack/Documents/project/Tjb/src/tof/src/frame_handle.cc:64:8:[m[K [01;36m[Knote: [m[K  crosses initialization of â€˜[01m[Kunsigned int required_size[m[Kâ€™
[0.216s]    64 |   auto [01;36m[Krequired_size[m[K = FRAME_HEAD_SIZE + frame_payload_len + FRAME_CHECKSUM_SIZE + FRAME_END_SIZE + 1;
[0.216s]       |        [01;36m[K^~~~~~~~~~~~~[m[K
[0.216s] [01m[K/home/glack/Documents/project/Tjb/src/tof/src/frame_handle.cc:97:1:[m[K [01;31m[Kerror: [m[Kjump to label â€˜[01m[K__finished[m[Kâ€™
[0.216s]    97 | [01;31m[K__finished[m[K:
[0.216s]       | [01;31m[K^~~~~~~~~~[m[K
[0.216s] [01m[K/home/glack/Documents/project/Tjb/src/tof/src/frame_handle.cc:25:10:[m[K [01;36m[Knote: [m[K  from here
[0.217s]    25 |     goto [01;36m[K__finished[m[K;
[0.217s]       |          [01;36m[K^~~~~~~~~~[m[K
[0.217s] [01m[K/home/glack/Documents/project/Tjb/src/tof/src/frame_handle.cc:64:8:[m[K [01;36m[Knote: [m[K  crosses initialization of â€˜[01m[Kunsigned int required_size[m[Kâ€™
[0.217s]    64 |   auto [01;36m[Krequired_size[m[K = FRAME_HEAD_SIZE + frame_payload_len + FRAME_CHECKSUM_SIZE + FRAME_END_SIZE + 1;
[0.217s]       |        [01;36m[K^~~~~~~~~~~~~[m[K
[0.237s] gmake[2]: *** [CMakeFiles/publisher.dir/build.make:118ï¼šCMakeFiles/publisher.dir/src/frame_handle.cc.o] é”™è¯¯ 1
[0.237s] gmake[1]: *** [CMakeFiles/Makefile2:137ï¼šCMakeFiles/publisher.dir/all] é”™è¯¯ 2
[0.237s] gmake: *** [Makefile:146ï¼šall] é”™è¯¯ 2
[0.239s] Invoked command in '/home/glack/Documents/project/Tjb/build/tof' returned '2': CMAKE_PREFIX_PATH=${CMAKE_PREFIX_PATH}:/home/glack/Documents/project/Tjb/install/rgbc:/home/glack/Documents/project/Tjb/install/pyqtui:/home/glack/Documents/project/Tjb/install/position:/opt/ros/humble CONDA_PROMPT_MODIFIER=(isaac) /usr/bin/cmake --build /home/glack/Documents/project/Tjb/build/tof -- -j20 -l20
